<?xml version="1.0" encoding="UTF-8"?>
<!-- Generated by org.testng.reporters.JUnitXMLReporter -->
<testsuite hostname="WillamJose" ignored="0" name="Default test" tests="4" failures="0" timestamp="14 Nov 2022 05:41:50 GMT" time="39.369" errors="0">
  <testcase name="hoo" time="22.902" classname="org.testng.Final01"/>
  <testcase name="clas" time="8.104" classname="org.testng.Class02"/>
  <testcase name="tc01" time="3.176" classname="org.testng.Class01"/>
  <testcase name="ok1" time="5.141" classname="org.testng.Class03"/>
</testsuite> <!-- Default test -->
