<?xml version="1.0" encoding="UTF-8"?>
<!-- Generated by org.testng.reporters.JUnitXMLReporter -->
<testsuite hostname="WillamJose" ignored="2" name="Default test" tests="1" failures="0" timestamp="30 Oct 2022 16:59:17 GMT" time="5.178" errors="0">
  <testcase name="tc03" time="5.147" classname="org.baseclass.Junit02"/>
  <testcase name="tc02" time="0.0" classname="org.baseclass.Junit02">
    <ignored/>
  </testcase> <!-- tc02 -->
  <testcase name="tc01" time="0.0" classname="org.baseclass.Junit02">
    <ignored/>
  </testcase> <!-- tc01 -->
</testsuite> <!-- Default test -->
