<?xml version="1.0" encoding="UTF-8"?>
<testng-results skipped="0" failed="0" ignored="3" total="4" passed="1">
  <reporter-output>
  </reporter-output>
  <suite name="Default suite" duration-ms="52" started-at="2022-11-08T13:37:15Z" finished-at="2022-11-08T13:37:15Z">
    <groups>
    </groups>
    <test name="Default test" duration-ms="52" started-at="2022-11-08T13:37:15Z" finished-at="2022-11-08T13:37:15Z">
      <class name="org.baseclass.Assert01">
        <test-method status="PASS" signature="tc04()[pri:0, instance:org.baseclass.Assert01@5ec0a365]" name="tc04" duration-ms="26" started-at="2022-11-08T13:37:15Z" finished-at="2022-11-08T13:37:15Z">
          <reporter-output>
          </reporter-output>
        </test-method> <!-- tc04 -->
      </class> <!-- org.baseclass.Assert01 -->
    </test> <!-- Default test -->
  </suite> <!-- Default suite -->
</testng-results>
