<?xml version="1.0" encoding="UTF-8"?>
<testng-results skipped="0" failed="0" ignored="2" total="3" passed="1">
  <reporter-output>
  </reporter-output>
  <suite name="Default suite" duration-ms="5178" started-at="2022-10-30T16:59:12Z" finished-at="2022-10-30T16:59:17Z">
    <groups>
    </groups>
    <test name="Default test" duration-ms="5178" started-at="2022-10-30T16:59:12Z" finished-at="2022-10-30T16:59:17Z">
      <class name="org.baseclass.Junit02">
        <test-method status="PASS" signature="tc03()[pri:0, instance:org.baseclass.Junit02@5ec0a365]" name="tc03" duration-ms="5147" started-at="2022-10-30T16:59:12Z" finished-at="2022-10-30T16:59:17Z">
          <reporter-output>
          </reporter-output>
        </test-method> <!-- tc03 -->
      </class> <!-- org.baseclass.Junit02 -->
    </test> <!-- Default test -->
  </suite> <!-- Default suite -->
</testng-results>
